<?xml version="1.0" encoding="UTF-8"?>
<beans profile="dev"
       xmlns="http://www.springframework.org/schema/beans"
       xmlns:xsi="http://www.w3.org/2001/XMLSchema-instance" xmlns:jdbc="http://www.springframework.org/schema/jdbc"
       xsi:schemaLocation="http://www.springframework.org/schema/beans
       http://www.springframework.org/schema/beans/spring-beans.xsd
       http://www.springframework.org/schema/jdbc
       http://www.springframework.org/schema/jdbc/spring-jdbc.xsd http://www.springframework.org/schema/context https://www.springframework.org/schema/context/spring-context.xsd"
       xmlns:context="http://www.springframework.org/schema/context">

    <bean id="dataSource"
        class="org.springframework.jdbc.datasource.DriverManagerDataSource">
        <property name="driverClassName" value="org.h2.Driver"/>
        <property name="url" value="jdbc:h2:mem:test_db;DB_CLOSE_DELAY=-1"/>
        <property name="username" value="sa"/>
        <property name="password" value="sa"/>
    </bean>


    <jdbc:initialize-database>
        <jdbc:script location="classpath*:test-schema.sql"/>
        <jdbc:script location="classpath*:test-import.sql"/>
    </jdbc:initialize-database>

</beans>