<?xml version="1.0" encoding="UTF-8"?>
<beans xmlns="http://www.springframework.org/schema/beans"
       xmlns:xsi="http://www.w3.org/2001/XMLSchema-instance"
       xmlns:context="http://www.springframework.org/schema/context"
       xsi:schemaLocation="http://www.springframework.org/schema/beans
       http://www.springframework.org/schema/beans/spring-beans.xsd http://www.springframework.org/schema/context https://www.springframework.org/schema/context/spring-context.xsd">


    <!-- Component scan for @Controller, @Service... annotations -->
    <context:component-scan base-package="com.epam.brest.courses.*"/>

    <bean id="itemService" class="com.epam.brest.courses.service.ItemServiceImpl">
        <constructor-arg ref="itemDao"/>
    </bean>

    <bean id="itemDao" class="com.epam.brest.courses.dao.ItemDaoJdbc">
        <constructor-arg ref="jdbcTemplate"/>
        <constructor-arg ref="jdbc"/>
    </bean>

    <bean id="orderService" class="com.epam.brest.courses.service.OrderServiceImpl">
        <constructor-arg ref="orderDao"/>
    </bean>

    <bean id="orderDao" class="com.epam.brest.courses.dao.OrderDaoJdbc">
        <constructor-arg ref="jdbcTemplate"/>
    </bean>

    <bean id="positionService" class="com.epam.brest.courses.service.PositionServiceImpl">
        <constructor-arg ref="positionDao"/>
    </bean>

    <bean id="positionDao" class="com.epam.brest.courses.dao.PositionDaoJdbc">
        <constructor-arg ref="jdbcTemplate"/>
    </bean>


    <bean id="jdbcTemplate" class="org.springframework.jdbc.core.namedparam.NamedParameterJdbcTemplate">
        <constructor-arg ref="dataSource"/>
    </bean>

    <bean id="jdbc" class="org.springframework.jdbc.core.JdbcTemplate">
        <constructor-arg ref="dataSource"/>
    </bean>

</beans>